#-----------------------------------------------------------
# Vivado v2018.3 (64-bit)
# SW Build 2405991 on Thu Dec  6 23:38:27 MST 2018
# IP Build 2404404 on Fri Dec  7 01:43:56 MST 2018
# Start of session at: Wed Nov 16 14:43:34 2022
# Process ID: 12984
# Current directory: C:/Users/LAPTOP HP/Documents/Tec/DLogico/Proyecto3/Proyecto-3-DL/ProyectoFinal
# Command line: vivado.exe -gui_launcher_event rodinguilauncherevent17136 C:\Users\LAPTOP HP\Documents\Tec\DLogico\Proyecto3\Proyecto-3-DL\ProyectoFinal\ProyectoFinal.xpr
# Log file: C:/Users/LAPTOP HP/Documents/Tec/DLogico/Proyecto3/Proyecto-3-DL/ProyectoFinal/vivado.log
# Journal file: C:/Users/LAPTOP HP/Documents/Tec/DLogico/Proyecto3/Proyecto-3-DL/ProyectoFinal\vivado.jou
#-----------------------------------------------------------
start_gui
open_project {C:/Users/LAPTOP HP/Documents/Tec/DLogico/Proyecto3/Proyecto-3-DL/ProyectoFinal/ProyectoFinal.xpr}
Scanning sources...
Finished scanning sources
INFO: [IP_Flow 19-234] Refreshing IP repositories
INFO: [IP_Flow 19-1704] No user IP repositories specified
INFO: [IP_Flow 19-2313] Loaded Vivado IP repository 'C:/Xilinx/Vivado/2018.3/data/ip'.
open_project: Time (s): cpu = 00:00:27 ; elapsed = 00:00:11 . Memory (MB): peak = 688.777 ; gain = 64.637
update_compile_order -fileset sources_1
open_hw
connect_hw_server
INFO: [Labtools 27-2285] Connecting to hw_server url TCP:localhost:3121
INFO: [Labtools 27-2222] Launching hw_server...
INFO: [Labtools 27-2221] Launch Output:

****** Xilinx hw_server v2018.3
  **** Build date : Dec  7 2018-00:40:27
    ** Copyright 1986-2018 Xilinx, Inc. All Rights Reserved.


open_hw_target
INFO: [Labtoolstcl 44-466] Opening hw_target localhost:3121/xilinx_tcf/Digilent/210292ABF71DA
set_property PROGRAM.FILE {C:/Users/LAPTOP HP/Documents/Tec/DLogico/Proyecto3/Proyecto-3-DL/ProyectoFinal/ProyectoFinal.runs/impl_1/top.bit} [get_hw_devices xc7a100t_0]
current_hw_device [get_hw_devices xc7a100t_0]
refresh_hw_device -update_hw_probes false [lindex [get_hw_devices xc7a100t_0] 0]
INFO: [Labtools 27-1434] Device xc7a100t (JTAG device index = 0) is programmed with a design that has no supported debug core(s) in it.
set_property PROBES.FILE {} [get_hw_devices xc7a100t_0]
set_property FULL_PROBES.FILE {} [get_hw_devices xc7a100t_0]
set_property PROGRAM.FILE {C:/Users/LAPTOP HP/Documents/Tec/DLogico/Proyecto3/Proyecto-3-DL/ProyectoFinal/ProyectoFinal.runs/impl_1/top.bit} [get_hw_devices xc7a100t_0]
program_hw_devices [get_hw_devices xc7a100t_0]
INFO: [Labtools 27-3164] End of startup status: HIGH
refresh_hw_device [lindex [get_hw_devices xc7a100t_0] 0]
INFO: [Labtools 27-1434] Device xc7a100t (JTAG device index = 0) is programmed with a design that has no supported debug core(s) in it.
update_compile_order -fileset sources_1
reset_run synth_1
launch_runs impl_1 -to_step write_bitstream -jobs 4
[Wed Nov 16 14:50:01 2022] Launched synth_1...
Run output will be captured here: C:/Users/LAPTOP HP/Documents/Tec/DLogico/Proyecto3/Proyecto-3-DL/ProyectoFinal/ProyectoFinal.runs/synth_1/runme.log
[Wed Nov 16 14:50:01 2022] Launched impl_1...
Run output will be captured here: C:/Users/LAPTOP HP/Documents/Tec/DLogico/Proyecto3/Proyecto-3-DL/ProyectoFinal/ProyectoFinal.runs/impl_1/runme.log
set_property PROBES.FILE {} [get_hw_devices xc7a100t_0]
set_property FULL_PROBES.FILE {} [get_hw_devices xc7a100t_0]
set_property PROGRAM.FILE {C:/Users/LAPTOP HP/Documents/Tec/DLogico/Proyecto3/Proyecto-3-DL/ProyectoFinal/ProyectoFinal.runs/impl_1/top.bit} [get_hw_devices xc7a100t_0]
program_hw_devices [get_hw_devices xc7a100t_0]
INFO: [Labtools 27-3164] End of startup status: HIGH
refresh_hw_device [lindex [get_hw_devices xc7a100t_0] 0]
INFO: [Labtools 27-1434] Device xc7a100t (JTAG device index = 0) is programmed with a design that has no supported debug core(s) in it.
reset_run synth_1
launch_runs impl_1 -to_step write_bitstream -jobs 4
[Wed Nov 16 14:54:43 2022] Launched synth_1...
Run output will be captured here: C:/Users/LAPTOP HP/Documents/Tec/DLogico/Proyecto3/Proyecto-3-DL/ProyectoFinal/ProyectoFinal.runs/synth_1/runme.log
[Wed Nov 16 14:54:43 2022] Launched impl_1...
Run output will be captured here: C:/Users/LAPTOP HP/Documents/Tec/DLogico/Proyecto3/Proyecto-3-DL/ProyectoFinal/ProyectoFinal.runs/impl_1/runme.log
set_property PROBES.FILE {} [get_hw_devices xc7a100t_0]
set_property FULL_PROBES.FILE {} [get_hw_devices xc7a100t_0]
set_property PROGRAM.FILE {C:/Users/LAPTOP HP/Documents/Tec/DLogico/Proyecto3/Proyecto-3-DL/ProyectoFinal/ProyectoFinal.runs/impl_1/top.bit} [get_hw_devices xc7a100t_0]
program_hw_devices [get_hw_devices xc7a100t_0]
INFO: [Labtools 27-3164] End of startup status: HIGH
refresh_hw_device [lindex [get_hw_devices xc7a100t_0] 0]
INFO: [Labtools 27-1434] Device xc7a100t (JTAG device index = 0) is programmed with a design that has no supported debug core(s) in it.
close [ open {C:/Users/LAPTOP HP/Documents/Tec/DLogico/Proyecto3/Proyecto-3-DL/ProyectoFinal/ProyectoFinal.srcs/sources_1/new/Multiplicador.v} w ]
add_files {{C:/Users/LAPTOP HP/Documents/Tec/DLogico/Proyecto3/Proyecto-3-DL/ProyectoFinal/ProyectoFinal.srcs/sources_1/new/Multiplicador.v}}
update_compile_order -fileset sources_1
update_compile_order -fileset sources_1
reset_run synth_1
launch_runs impl_1 -to_step write_bitstream -jobs 4
[Wed Nov 16 15:40:15 2022] Launched synth_1...
Run output will be captured here: C:/Users/LAPTOP HP/Documents/Tec/DLogico/Proyecto3/Proyecto-3-DL/ProyectoFinal/ProyectoFinal.runs/synth_1/runme.log
[Wed Nov 16 15:40:15 2022] Launched impl_1...
Run output will be captured here: C:/Users/LAPTOP HP/Documents/Tec/DLogico/Proyecto3/Proyecto-3-DL/ProyectoFinal/ProyectoFinal.runs/impl_1/runme.log
reset_run synth_1
launch_runs impl_1 -to_step write_bitstream -jobs 4
[Wed Nov 16 15:41:24 2022] Launched synth_1...
Run output will be captured here: C:/Users/LAPTOP HP/Documents/Tec/DLogico/Proyecto3/Proyecto-3-DL/ProyectoFinal/ProyectoFinal.runs/synth_1/runme.log
[Wed Nov 16 15:41:24 2022] Launched impl_1...
Run output will be captured here: C:/Users/LAPTOP HP/Documents/Tec/DLogico/Proyecto3/Proyecto-3-DL/ProyectoFinal/ProyectoFinal.runs/impl_1/runme.log
set_property PROBES.FILE {} [get_hw_devices xc7a100t_0]
set_property FULL_PROBES.FILE {} [get_hw_devices xc7a100t_0]
set_property PROGRAM.FILE {C:/Users/LAPTOP HP/Documents/Tec/DLogico/Proyecto3/Proyecto-3-DL/ProyectoFinal/ProyectoFinal.runs/impl_1/top.bit} [get_hw_devices xc7a100t_0]
program_hw_devices [get_hw_devices xc7a100t_0]
INFO: [Labtools 27-3164] End of startup status: HIGH
refresh_hw_device [lindex [get_hw_devices xc7a100t_0] 0]
INFO: [Labtools 27-1434] Device xc7a100t (JTAG device index = 0) is programmed with a design that has no supported debug core(s) in it.
reset_run synth_1
launch_runs impl_1 -to_step write_bitstream -jobs 4
[Wed Nov 16 15:47:44 2022] Launched synth_1...
Run output will be captured here: C:/Users/LAPTOP HP/Documents/Tec/DLogico/Proyecto3/Proyecto-3-DL/ProyectoFinal/ProyectoFinal.runs/synth_1/runme.log
[Wed Nov 16 15:47:44 2022] Launched impl_1...
Run output will be captured here: C:/Users/LAPTOP HP/Documents/Tec/DLogico/Proyecto3/Proyecto-3-DL/ProyectoFinal/ProyectoFinal.runs/impl_1/runme.log
set_property PROBES.FILE {} [get_hw_devices xc7a100t_0]
set_property FULL_PROBES.FILE {} [get_hw_devices xc7a100t_0]
set_property PROGRAM.FILE {C:/Users/LAPTOP HP/Documents/Tec/DLogico/Proyecto3/Proyecto-3-DL/ProyectoFinal/ProyectoFinal.runs/impl_1/top.bit} [get_hw_devices xc7a100t_0]
program_hw_devices [get_hw_devices xc7a100t_0]
INFO: [Labtools 27-3164] End of startup status: HIGH
refresh_hw_device [lindex [get_hw_devices xc7a100t_0] 0]
INFO: [Labtools 27-1434] Device xc7a100t (JTAG device index = 0) is programmed with a design that has no supported debug core(s) in it.
reset_run synth_1
launch_runs impl_1 -to_step write_bitstream -jobs 4
[Wed Nov 16 15:51:49 2022] Launched synth_1...
Run output will be captured here: C:/Users/LAPTOP HP/Documents/Tec/DLogico/Proyecto3/Proyecto-3-DL/ProyectoFinal/ProyectoFinal.runs/synth_1/runme.log
[Wed Nov 16 15:51:49 2022] Launched impl_1...
Run output will be captured here: C:/Users/LAPTOP HP/Documents/Tec/DLogico/Proyecto3/Proyecto-3-DL/ProyectoFinal/ProyectoFinal.runs/impl_1/runme.log
set_property PROBES.FILE {} [get_hw_devices xc7a100t_0]
set_property FULL_PROBES.FILE {} [get_hw_devices xc7a100t_0]
set_property PROGRAM.FILE {C:/Users/LAPTOP HP/Documents/Tec/DLogico/Proyecto3/Proyecto-3-DL/ProyectoFinal/ProyectoFinal.runs/impl_1/top.bit} [get_hw_devices xc7a100t_0]
program_hw_devices [get_hw_devices xc7a100t_0]
INFO: [Labtools 27-3164] End of startup status: HIGH
refresh_hw_device [lindex [get_hw_devices xc7a100t_0] 0]
INFO: [Labtools 27-1434] Device xc7a100t (JTAG device index = 0) is programmed with a design that has no supported debug core(s) in it.
reset_run synth_1
launch_runs impl_1 -to_step write_bitstream -jobs 4
[Wed Nov 16 15:57:39 2022] Launched synth_1...
Run output will be captured here: C:/Users/LAPTOP HP/Documents/Tec/DLogico/Proyecto3/Proyecto-3-DL/ProyectoFinal/ProyectoFinal.runs/synth_1/runme.log
[Wed Nov 16 15:57:39 2022] Launched impl_1...
Run output will be captured here: C:/Users/LAPTOP HP/Documents/Tec/DLogico/Proyecto3/Proyecto-3-DL/ProyectoFinal/ProyectoFinal.runs/impl_1/runme.log
set_property PROBES.FILE {} [get_hw_devices xc7a100t_0]
set_property FULL_PROBES.FILE {} [get_hw_devices xc7a100t_0]
set_property PROGRAM.FILE {C:/Users/LAPTOP HP/Documents/Tec/DLogico/Proyecto3/Proyecto-3-DL/ProyectoFinal/ProyectoFinal.runs/impl_1/top.bit} [get_hw_devices xc7a100t_0]
program_hw_devices [get_hw_devices xc7a100t_0]
INFO: [Labtools 27-3164] End of startup status: HIGH
refresh_hw_device [lindex [get_hw_devices xc7a100t_0] 0]
INFO: [Labtools 27-1434] Device xc7a100t (JTAG device index = 0) is programmed with a design that has no supported debug core(s) in it.
reset_run synth_1
launch_runs impl_1 -to_step write_bitstream -jobs 4
[Wed Nov 16 16:19:51 2022] Launched synth_1...
Run output will be captured here: C:/Users/LAPTOP HP/Documents/Tec/DLogico/Proyecto3/Proyecto-3-DL/ProyectoFinal/ProyectoFinal.runs/synth_1/runme.log
[Wed Nov 16 16:19:51 2022] Launched impl_1...
Run output will be captured here: C:/Users/LAPTOP HP/Documents/Tec/DLogico/Proyecto3/Proyecto-3-DL/ProyectoFinal/ProyectoFinal.runs/impl_1/runme.log
set_property PROBES.FILE {} [get_hw_devices xc7a100t_0]
set_property FULL_PROBES.FILE {} [get_hw_devices xc7a100t_0]
set_property PROGRAM.FILE {C:/Users/LAPTOP HP/Documents/Tec/DLogico/Proyecto3/Proyecto-3-DL/ProyectoFinal/ProyectoFinal.runs/impl_1/top.bit} [get_hw_devices xc7a100t_0]
program_hw_devices [get_hw_devices xc7a100t_0]
INFO: [Labtools 27-3164] End of startup status: HIGH
refresh_hw_device [lindex [get_hw_devices xc7a100t_0] 0]
INFO: [Labtools 27-1434] Device xc7a100t (JTAG device index = 0) is programmed with a design that has no supported debug core(s) in it.
reset_run synth_1
launch_runs impl_1 -to_step write_bitstream -jobs 4
[Wed Nov 16 16:27:39 2022] Launched synth_1...
Run output will be captured here: C:/Users/LAPTOP HP/Documents/Tec/DLogico/Proyecto3/Proyecto-3-DL/ProyectoFinal/ProyectoFinal.runs/synth_1/runme.log
[Wed Nov 16 16:27:39 2022] Launched impl_1...
Run output will be captured here: C:/Users/LAPTOP HP/Documents/Tec/DLogico/Proyecto3/Proyecto-3-DL/ProyectoFinal/ProyectoFinal.runs/impl_1/runme.log
set_property PROBES.FILE {} [get_hw_devices xc7a100t_0]
set_property FULL_PROBES.FILE {} [get_hw_devices xc7a100t_0]
set_property PROGRAM.FILE {C:/Users/LAPTOP HP/Documents/Tec/DLogico/Proyecto3/Proyecto-3-DL/ProyectoFinal/ProyectoFinal.runs/impl_1/top.bit} [get_hw_devices xc7a100t_0]
program_hw_devices [get_hw_devices xc7a100t_0]
INFO: [Labtools 27-3164] End of startup status: HIGH
refresh_hw_device [lindex [get_hw_devices xc7a100t_0] 0]
INFO: [Labtools 27-1434] Device xc7a100t (JTAG device index = 0) is programmed with a design that has no supported debug core(s) in it.
set_property PROBES.FILE {} [get_hw_devices xc7a100t_0]
set_property FULL_PROBES.FILE {} [get_hw_devices xc7a100t_0]
set_property PROGRAM.FILE {C:/Users/LAPTOP HP/Documents/Tec/DLogico/Proyecto3/Proyecto-3-DL/ProyectoFinal/ProyectoFinal.runs/impl_1/top.bit} [get_hw_devices xc7a100t_0]
program_hw_devices [get_hw_devices xc7a100t_0]
INFO: [Labtools 27-3164] End of startup status: HIGH
refresh_hw_device [lindex [get_hw_devices xc7a100t_0] 0]
INFO: [Labtools 27-1434] Device xc7a100t (JTAG device index = 0) is programmed with a design that has no supported debug core(s) in it.
reset_run synth_1
launch_runs impl_1 -to_step write_bitstream -jobs 4
[Wed Nov 16 16:36:19 2022] Launched synth_1...
Run output will be captured here: C:/Users/LAPTOP HP/Documents/Tec/DLogico/Proyecto3/Proyecto-3-DL/ProyectoFinal/ProyectoFinal.runs/synth_1/runme.log
[Wed Nov 16 16:36:19 2022] Launched impl_1...
Run output will be captured here: C:/Users/LAPTOP HP/Documents/Tec/DLogico/Proyecto3/Proyecto-3-DL/ProyectoFinal/ProyectoFinal.runs/impl_1/runme.log
set_property PROBES.FILE {} [get_hw_devices xc7a100t_0]
set_property FULL_PROBES.FILE {} [get_hw_devices xc7a100t_0]
set_property PROGRAM.FILE {C:/Users/LAPTOP HP/Documents/Tec/DLogico/Proyecto3/Proyecto-3-DL/ProyectoFinal/ProyectoFinal.runs/impl_1/top.bit} [get_hw_devices xc7a100t_0]
program_hw_devices [get_hw_devices xc7a100t_0]
INFO: [Labtools 27-3164] End of startup status: HIGH
refresh_hw_device [lindex [get_hw_devices xc7a100t_0] 0]
INFO: [Labtools 27-1434] Device xc7a100t (JTAG device index = 0) is programmed with a design that has no supported debug core(s) in it.
reset_run synth_1
launch_runs impl_1 -to_step write_bitstream -jobs 4
[Wed Nov 16 16:50:46 2022] Launched synth_1...
Run output will be captured here: C:/Users/LAPTOP HP/Documents/Tec/DLogico/Proyecto3/Proyecto-3-DL/ProyectoFinal/ProyectoFinal.runs/synth_1/runme.log
[Wed Nov 16 16:50:46 2022] Launched impl_1...
Run output will be captured here: C:/Users/LAPTOP HP/Documents/Tec/DLogico/Proyecto3/Proyecto-3-DL/ProyectoFinal/ProyectoFinal.runs/impl_1/runme.log
set_property PROBES.FILE {} [get_hw_devices xc7a100t_0]
set_property FULL_PROBES.FILE {} [get_hw_devices xc7a100t_0]
set_property PROGRAM.FILE {C:/Users/LAPTOP HP/Documents/Tec/DLogico/Proyecto3/Proyecto-3-DL/ProyectoFinal/ProyectoFinal.runs/impl_1/top.bit} [get_hw_devices xc7a100t_0]
program_hw_devices [get_hw_devices xc7a100t_0]
INFO: [Labtools 27-3164] End of startup status: HIGH
refresh_hw_device [lindex [get_hw_devices xc7a100t_0] 0]
INFO: [Labtools 27-1434] Device xc7a100t (JTAG device index = 0) is programmed with a design that has no supported debug core(s) in it.
reset_run synth_1
launch_runs impl_1 -to_step write_bitstream -jobs 4
[Wed Nov 16 17:07:26 2022] Launched synth_1...
Run output will be captured here: C:/Users/LAPTOP HP/Documents/Tec/DLogico/Proyecto3/Proyecto-3-DL/ProyectoFinal/ProyectoFinal.runs/synth_1/runme.log
[Wed Nov 16 17:07:26 2022] Launched impl_1...
Run output will be captured here: C:/Users/LAPTOP HP/Documents/Tec/DLogico/Proyecto3/Proyecto-3-DL/ProyectoFinal/ProyectoFinal.runs/impl_1/runme.log
set_property PROBES.FILE {} [get_hw_devices xc7a100t_0]
set_property FULL_PROBES.FILE {} [get_hw_devices xc7a100t_0]
set_property PROGRAM.FILE {C:/Users/LAPTOP HP/Documents/Tec/DLogico/Proyecto3/Proyecto-3-DL/ProyectoFinal/ProyectoFinal.runs/impl_1/top.bit} [get_hw_devices xc7a100t_0]
program_hw_devices [get_hw_devices xc7a100t_0]
INFO: [Labtools 27-3164] End of startup status: HIGH
refresh_hw_device [lindex [get_hw_devices xc7a100t_0] 0]
INFO: [Labtools 27-1434] Device xc7a100t (JTAG device index = 0) is programmed with a design that has no supported debug core(s) in it.
reset_run synth_1
launch_runs impl_1 -to_step write_bitstream -jobs 4
[Wed Nov 16 17:11:21 2022] Launched synth_1...
Run output will be captured here: C:/Users/LAPTOP HP/Documents/Tec/DLogico/Proyecto3/Proyecto-3-DL/ProyectoFinal/ProyectoFinal.runs/synth_1/runme.log
[Wed Nov 16 17:11:21 2022] Launched impl_1...
Run output will be captured here: C:/Users/LAPTOP HP/Documents/Tec/DLogico/Proyecto3/Proyecto-3-DL/ProyectoFinal/ProyectoFinal.runs/impl_1/runme.log
set_property PROBES.FILE {} [get_hw_devices xc7a100t_0]
set_property FULL_PROBES.FILE {} [get_hw_devices xc7a100t_0]
set_property PROGRAM.FILE {C:/Users/LAPTOP HP/Documents/Tec/DLogico/Proyecto3/Proyecto-3-DL/ProyectoFinal/ProyectoFinal.runs/impl_1/top.bit} [get_hw_devices xc7a100t_0]
program_hw_devices [get_hw_devices xc7a100t_0]
INFO: [Labtools 27-3164] End of startup status: HIGH
refresh_hw_device [lindex [get_hw_devices xc7a100t_0] 0]
INFO: [Labtools 27-1434] Device xc7a100t (JTAG device index = 0) is programmed with a design that has no supported debug core(s) in it.
close [ open {C:/Users/LAPTOP HP/Documents/Tec/DLogico/Proyecto3/Proyecto-3-DL/ProyectoFinal/ProyectoFinal.srcs/sources_1/new/Mult.v} w ]
add_files {{C:/Users/LAPTOP HP/Documents/Tec/DLogico/Proyecto3/Proyecto-3-DL/ProyectoFinal/ProyectoFinal.srcs/sources_1/new/Mult.v}}
update_compile_order -fileset sources_1
export_ip_user_files -of_objects  [get_files {{C:/Users/LAPTOP HP/Documents/Tec/DLogico/Proyecto3/Proyecto-3-DL/ProyectoFinal/ProyectoFinal.srcs/sources_1/new/Mult.v}}] -no_script -reset -force -quiet
remove_files  {{C:/Users/LAPTOP HP/Documents/Tec/DLogico/Proyecto3/Proyecto-3-DL/ProyectoFinal/ProyectoFinal.srcs/sources_1/new/Mult.v}}
close [ open {C:/Users/LAPTOP HP/Documents/Tec/DLogico/Proyecto3/Proyecto-3-DL/ProyectoFinal/ProyectoFinal.srcs/sources_1/new/Mult.sv} w ]
add_files {{C:/Users/LAPTOP HP/Documents/Tec/DLogico/Proyecto3/Proyecto-3-DL/ProyectoFinal/ProyectoFinal.srcs/sources_1/new/Mult.sv}}
update_compile_order -fileset sources_1
update_compile_order -fileset sources_1
reset_run synth_1
launch_runs impl_1 -to_step write_bitstream -jobs 4
[Wed Nov 16 17:23:17 2022] Launched synth_1...
Run output will be captured here: C:/Users/LAPTOP HP/Documents/Tec/DLogico/Proyecto3/Proyecto-3-DL/ProyectoFinal/ProyectoFinal.runs/synth_1/runme.log
[Wed Nov 16 17:23:17 2022] Launched impl_1...
Run output will be captured here: C:/Users/LAPTOP HP/Documents/Tec/DLogico/Proyecto3/Proyecto-3-DL/ProyectoFinal/ProyectoFinal.runs/impl_1/runme.log
export_ip_user_files -of_objects  [get_files {{C:/Users/LAPTOP HP/Documents/Tec/DLogico/Proyecto3/Proyecto-3-DL/ProyectoFinal/ProyectoFinal.srcs/sources_1/new/Mult.sv}}] -no_script -reset -force -quiet
remove_files  {{C:/Users/LAPTOP HP/Documents/Tec/DLogico/Proyecto3/Proyecto-3-DL/ProyectoFinal/ProyectoFinal.srcs/sources_1/new/Mult.sv}}
close [ open {C:/Users/LAPTOP HP/Documents/Tec/DLogico/Proyecto3/Proyecto-3-DL/ProyectoFinal/ProyectoFinal.srcs/sources_1/new/Multi.v} w ]
add_files {{C:/Users/LAPTOP HP/Documents/Tec/DLogico/Proyecto3/Proyecto-3-DL/ProyectoFinal/ProyectoFinal.srcs/sources_1/new/Multi.v}}
update_compile_order -fileset sources_1
update_compile_order -fileset sources_1
reset_run synth_1
launch_runs synth_1 -jobs 4
[Wed Nov 16 17:35:02 2022] Launched synth_1...
Run output will be captured here: C:/Users/LAPTOP HP/Documents/Tec/DLogico/Proyecto3/Proyecto-3-DL/ProyectoFinal/ProyectoFinal.runs/synth_1/runme.log
launch_runs impl_1 -to_step write_bitstream -jobs 4
[Wed Nov 16 17:36:02 2022] Launched impl_1...
Run output will be captured here: C:/Users/LAPTOP HP/Documents/Tec/DLogico/Proyecto3/Proyecto-3-DL/ProyectoFinal/ProyectoFinal.runs/impl_1/runme.log
set_property PROBES.FILE {} [get_hw_devices xc7a100t_0]
set_property FULL_PROBES.FILE {} [get_hw_devices xc7a100t_0]
set_property PROGRAM.FILE {C:/Users/LAPTOP HP/Documents/Tec/DLogico/Proyecto3/Proyecto-3-DL/ProyectoFinal/ProyectoFinal.runs/impl_1/top.bit} [get_hw_devices xc7a100t_0]
program_hw_devices [get_hw_devices xc7a100t_0]
INFO: [Labtools 27-3164] End of startup status: HIGH
refresh_hw_device [lindex [get_hw_devices xc7a100t_0] 0]
INFO: [Labtools 27-1434] Device xc7a100t (JTAG device index = 0) is programmed with a design that has no supported debug core(s) in it.
reset_run synth_1
launch_runs impl_1 -to_step write_bitstream -jobs 4
[Wed Nov 16 17:44:14 2022] Launched synth_1...
Run output will be captured here: C:/Users/LAPTOP HP/Documents/Tec/DLogico/Proyecto3/Proyecto-3-DL/ProyectoFinal/ProyectoFinal.runs/synth_1/runme.log
[Wed Nov 16 17:44:14 2022] Launched impl_1...
Run output will be captured here: C:/Users/LAPTOP HP/Documents/Tec/DLogico/Proyecto3/Proyecto-3-DL/ProyectoFinal/ProyectoFinal.runs/impl_1/runme.log
set_property PROBES.FILE {} [get_hw_devices xc7a100t_0]
set_property FULL_PROBES.FILE {} [get_hw_devices xc7a100t_0]
set_property PROGRAM.FILE {C:/Users/LAPTOP HP/Documents/Tec/DLogico/Proyecto3/Proyecto-3-DL/ProyectoFinal/ProyectoFinal.runs/impl_1/top.bit} [get_hw_devices xc7a100t_0]
program_hw_devices [get_hw_devices xc7a100t_0]
INFO: [Labtools 27-3164] End of startup status: HIGH
refresh_hw_device [lindex [get_hw_devices xc7a100t_0] 0]
INFO: [Labtools 27-1434] Device xc7a100t (JTAG device index = 0) is programmed with a design that has no supported debug core(s) in it.
update_compile_order -fileset sources_1
reset_run synth_1
launch_runs impl_1 -to_step write_bitstream -jobs 4
[Wed Nov 16 18:14:50 2022] Launched synth_1...
Run output will be captured here: C:/Users/LAPTOP HP/Documents/Tec/DLogico/Proyecto3/Proyecto-3-DL/ProyectoFinal/ProyectoFinal.runs/synth_1/runme.log
[Wed Nov 16 18:14:50 2022] Launched impl_1...
Run output will be captured here: C:/Users/LAPTOP HP/Documents/Tec/DLogico/Proyecto3/Proyecto-3-DL/ProyectoFinal/ProyectoFinal.runs/impl_1/runme.log
reset_run synth_1
update_compile_order -fileset sources_1
launch_runs impl_1 -to_step write_bitstream -jobs 4
[Wed Nov 16 18:15:32 2022] Launched synth_1...
Run output will be captured here: C:/Users/LAPTOP HP/Documents/Tec/DLogico/Proyecto3/Proyecto-3-DL/ProyectoFinal/ProyectoFinal.runs/synth_1/runme.log
[Wed Nov 16 18:15:32 2022] Launched impl_1...
Run output will be captured here: C:/Users/LAPTOP HP/Documents/Tec/DLogico/Proyecto3/Proyecto-3-DL/ProyectoFinal/ProyectoFinal.runs/impl_1/runme.log
set_property PROBES.FILE {} [get_hw_devices xc7a100t_0]
set_property FULL_PROBES.FILE {} [get_hw_devices xc7a100t_0]
set_property PROGRAM.FILE {C:/Users/LAPTOP HP/Documents/Tec/DLogico/Proyecto3/Proyecto-3-DL/ProyectoFinal/ProyectoFinal.runs/impl_1/top.bit} [get_hw_devices xc7a100t_0]
program_hw_devices [get_hw_devices xc7a100t_0]
INFO: [Labtools 27-3164] End of startup status: HIGH
refresh_hw_device [lindex [get_hw_devices xc7a100t_0] 0]
INFO: [Labtools 27-1434] Device xc7a100t (JTAG device index = 0) is programmed with a design that has no supported debug core(s) in it.
reset_run synth_1
launch_runs impl_1 -to_step write_bitstream -jobs 4
[Wed Nov 16 18:21:04 2022] Launched synth_1...
Run output will be captured here: C:/Users/LAPTOP HP/Documents/Tec/DLogico/Proyecto3/Proyecto-3-DL/ProyectoFinal/ProyectoFinal.runs/synth_1/runme.log
[Wed Nov 16 18:21:04 2022] Launched impl_1...
Run output will be captured here: C:/Users/LAPTOP HP/Documents/Tec/DLogico/Proyecto3/Proyecto-3-DL/ProyectoFinal/ProyectoFinal.runs/impl_1/runme.log
set_property PROBES.FILE {} [get_hw_devices xc7a100t_0]
set_property FULL_PROBES.FILE {} [get_hw_devices xc7a100t_0]
set_property PROGRAM.FILE {C:/Users/LAPTOP HP/Documents/Tec/DLogico/Proyecto3/Proyecto-3-DL/ProyectoFinal/ProyectoFinal.runs/impl_1/top.bit} [get_hw_devices xc7a100t_0]
program_hw_devices [get_hw_devices xc7a100t_0]
INFO: [Labtools 27-3164] End of startup status: HIGH
refresh_hw_device [lindex [get_hw_devices xc7a100t_0] 0]
INFO: [Labtools 27-1434] Device xc7a100t (JTAG device index = 0) is programmed with a design that has no supported debug core(s) in it.
export_ip_user_files -of_objects  [get_files {{C:/Users/LAPTOP HP/Documents/Tec/DLogico/Proyecto3/Proyecto-3-DL/ProyectoFinal/ProyectoFinal.srcs/sources_1/new/Multi.v}}] -no_script -reset -force -quiet
remove_files  {{C:/Users/LAPTOP HP/Documents/Tec/DLogico/Proyecto3/Proyecto-3-DL/ProyectoFinal/ProyectoFinal.srcs/sources_1/new/Multi.v}}
update_compile_order -fileset sources_1
update_compile_order -fileset sources_1
reset_run synth_1
launch_runs impl_1 -to_step write_bitstream -jobs 4
[Wed Nov 16 19:04:25 2022] Launched synth_1...
Run output will be captured here: C:/Users/LAPTOP HP/Documents/Tec/DLogico/Proyecto3/Proyecto-3-DL/ProyectoFinal/ProyectoFinal.runs/synth_1/runme.log
[Wed Nov 16 19:04:25 2022] Launched impl_1...
Run output will be captured here: C:/Users/LAPTOP HP/Documents/Tec/DLogico/Proyecto3/Proyecto-3-DL/ProyectoFinal/ProyectoFinal.runs/impl_1/runme.log
reset_run synth_1
launch_runs impl_1 -to_step write_bitstream -jobs 4
[Wed Nov 16 19:11:06 2022] Launched synth_1...
Run output will be captured here: C:/Users/LAPTOP HP/Documents/Tec/DLogico/Proyecto3/Proyecto-3-DL/ProyectoFinal/ProyectoFinal.runs/synth_1/runme.log
[Wed Nov 16 19:11:06 2022] Launched impl_1...
Run output will be captured here: C:/Users/LAPTOP HP/Documents/Tec/DLogico/Proyecto3/Proyecto-3-DL/ProyectoFinal/ProyectoFinal.runs/impl_1/runme.log
reset_run synth_1
launch_runs impl_1 -to_step write_bitstream -jobs 4
[Wed Nov 16 19:22:28 2022] Launched synth_1...
Run output will be captured here: C:/Users/LAPTOP HP/Documents/Tec/DLogico/Proyecto3/Proyecto-3-DL/ProyectoFinal/ProyectoFinal.runs/synth_1/runme.log
[Wed Nov 16 19:22:28 2022] Launched impl_1...
Run output will be captured here: C:/Users/LAPTOP HP/Documents/Tec/DLogico/Proyecto3/Proyecto-3-DL/ProyectoFinal/ProyectoFinal.runs/impl_1/runme.log
set_property PROBES.FILE {} [get_hw_devices xc7a100t_0]
set_property FULL_PROBES.FILE {} [get_hw_devices xc7a100t_0]
set_property PROGRAM.FILE {C:/Users/LAPTOP HP/Documents/Tec/DLogico/Proyecto3/Proyecto-3-DL/ProyectoFinal/ProyectoFinal.runs/impl_1/top.bit} [get_hw_devices xc7a100t_0]
program_hw_devices [get_hw_devices xc7a100t_0]
INFO: [Labtools 27-3164] End of startup status: HIGH
refresh_hw_device [lindex [get_hw_devices xc7a100t_0] 0]
INFO: [Labtools 27-1434] Device xc7a100t (JTAG device index = 0) is programmed with a design that has no supported debug core(s) in it.
exit
INFO: [Common 17-206] Exiting Vivado at Wed Nov 16 19:43:58 2022...
