#-----------------------------------------------------------
# Vivado v2018.3 (64-bit)
# SW Build 2405991 on Thu Dec  6 23:38:27 MST 2018
# IP Build 2404404 on Fri Dec  7 01:43:56 MST 2018
# Start of session at: Mon Nov 14 23:14:26 2022
# Process ID: 17524
# Current directory: C:/Users/LAPTOP HP/Documents/Tec/DLogico/Proyecto3/Proyecto-3-DL/Multiplicador
# Command line: vivado.exe -gui_launcher_event rodinguilauncherevent12920 C:\Users\LAPTOP HP\Documents\Tec\DLogico\Proyecto3\Proyecto-3-DL\Multiplicador\Pruebaasd.xpr
# Log file: C:/Users/LAPTOP HP/Documents/Tec/DLogico/Proyecto3/Proyecto-3-DL/Multiplicador/vivado.log
# Journal file: C:/Users/LAPTOP HP/Documents/Tec/DLogico/Proyecto3/Proyecto-3-DL/Multiplicador\vivado.jou
#-----------------------------------------------------------
start_gui
open_project {C:/Users/LAPTOP HP/Documents/Tec/DLogico/Proyecto3/Proyecto-3-DL/Multiplicador/Pruebaasd.xpr}
INFO: [Project 1-313] Project file moved from 'C:/Users/LAPTOP HP/Downloads/Pruebaasd' since last save.
Scanning sources...
Finished scanning sources
INFO: [IP_Flow 19-234] Refreshing IP repositories
INFO: [IP_Flow 19-1704] No user IP repositories specified
INFO: [IP_Flow 19-2313] Loaded Vivado IP repository 'C:/Xilinx/Vivado/2018.3/data/ip'.
open_project: Time (s): cpu = 00:00:21 ; elapsed = 00:00:09 . Memory (MB): peak = 684.254 ; gain = 78.184
update_compile_order -fileset sources_1
exit
INFO: [Common 17-206] Exiting Vivado at Tue Nov 15 00:10:42 2022...
