#-----------------------------------------------------------
# Vivado v2018.3 (64-bit)
# SW Build 2405991 on Thu Dec  6 23:38:27 MST 2018
# IP Build 2404404 on Fri Dec  7 01:43:56 MST 2018
# Start of session at: Sun Nov  6 19:07:15 2022
# Process ID: 3612
# Current directory: C:/Users/LAPTOP HP/Documents/Tec/DLogico/Proyecto3/2B_BCD
# Command line: vivado.exe -gui_launcher_event rodinguilauncherevent5500 C:\Users\LAPTOP HP\Documents\Tec\DLogico\Proyecto3\2B_BCD\2B_BCD.xpr
# Log file: C:/Users/LAPTOP HP/Documents/Tec/DLogico/Proyecto3/2B_BCD/vivado.log
# Journal file: C:/Users/LAPTOP HP/Documents/Tec/DLogico/Proyecto3/2B_BCD\vivado.jou
#-----------------------------------------------------------
start_gui
open_project {C:/Users/LAPTOP HP/Documents/Tec/DLogico/Proyecto3/2B_BCD/2B_BCD.xpr}
Scanning sources...
Finished scanning sources
INFO: [IP_Flow 19-234] Refreshing IP repositories
INFO: [IP_Flow 19-1704] No user IP repositories specified
INFO: [IP_Flow 19-2313] Loaded Vivado IP repository 'C:/Xilinx/Vivado/2018.3/data/ip'.
open_project: Time (s): cpu = 00:00:16 ; elapsed = 00:00:05 . Memory (MB): peak = 704.637 ; gain = 90.879
update_compile_order -fileset sources_1
